<?xml version="1.0" encoding="UTF-8"?>
<!-- Generated by org.testng.reporters.JUnitXMLReporter -->
<testsuite hostname="localhost" name="Test" tests="3" failures="0" timestamp="18 Apr 2016 05:14:31 GMT" time="28.309" errors="0">
  <testcase name="selectBulkOptionsFromDropDown" time="2.997" classname="Wordpress.Automation.server.AllPostsTest"/>
  <testcase name="selectEditFromDropDown" time="2.621" classname="Wordpress.Automation.server.AllPostsTest"/>
  <testcase name="selectTrashFromDropDown" time="2.579" classname="Wordpress.Automation.server.AllPostsTest"/>
</testsuite> <!-- Test -->
