<?xml version="1.0" encoding="UTF-8"?>
<!-- Generated by org.testng.reporters.JUnitXMLReporter -->
<testsuite hostname="localhost" name="Test" tests="1" failures="1" timestamp="4 Aug 2016 16:55:34 GMT" time="34.368" errors="0">
  <testcase name="getAllPostDetails" time="0.137" classname="Wordpress.Automation.server.AllPostsTest">
    <failure type="java.lang.NullPointerException">
      <![CDATA[java.lang.NullPointerException
	at org.openqa.selenium.support.pagefactory.DefaultElementLocator.findElement(DefaultElementLocator.java:69)
	at org.openqa.selenium.support.pagefactory.internal.LocatingElementHandler.invoke(LocatingElementHandler.java:38)
	at com.sun.proxy.$Proxy8.sendKeys(Unknown Source)
	at com.yogi.wordpressServer.Pages.LoginPage.enterUsername(LoginPage.java:30)
	at com.yogi.wordpressServer.Pages.LoginPage.loginWithValidCredentials(LoginPage.java:40)
	at Wordpress.Automation.server.AllPostsTest.getAllPostDetails(AllPostsTest.java:60)
... Removed 24 stack frames]]>
    </failure>
  </testcase> <!-- getAllPostDetails -->
</testsuite> <!-- Test -->
