<?xml version="1.0" encoding="UTF-8"?>
<!-- Generated by org.testng.reporters.JUnitXMLReporter -->
<testsuite hostname="localhost" name=" TEST1" tests="4" failures="0" timestamp="20 Apr 2016 06:19:08 GMT" time="0.049" errors="0">
  <testcase name="test1" time="0.009" classname="Wordpress.Automation.server.TestNGAnnotation"/>
  <testcase name="test2" time="0.002" classname="Wordpress.Automation.server.TestNGAnnotation"/>
  <testcase name="test1" time="0.003" classname="Wordpress.Automation.server.TestNGAnnotation2"/>
  <testcase name="test2" time="0.002" classname="Wordpress.Automation.server.TestNGAnnotation2"/>
</testsuite> <!--  TEST1 -->
