<?xml version="1.0" encoding="UTF-8"?>
<testng-results skipped="0" failed="1" total="1" passed="0">
  <reporter-output>
  </reporter-output>
  <suite name="Suite Chrome" duration-ms="34368" started-at="2016-08-04T16:55:00Z" finished-at="2016-08-04T16:55:34Z">
    <groups>
    </groups>
    <test name="Test" duration-ms="34368" started-at="2016-08-04T16:55:00Z" finished-at="2016-08-04T16:55:34Z">
      <class name="Wordpress.Automation.server.AllPostsTest">
        <test-method status="PASS" signature="appiumStartServer()[pri:0, instance:Wordpress.Automation.server.AllPostsTest@5ce81285]" name="appiumStartServer" is-config="true" duration-ms="34181" started-at="2016-08-04T22:25:00Z" finished-at="2016-08-04T22:25:34Z">
          <reporter-output>
          </reporter-output>
        </test-method> <!-- appiumStartServer -->
        <test-method status="PASS" signature="loadHomePage()[pri:0, instance:Wordpress.Automation.server.AllPostsTest@5ce81285]" name="loadHomePage" is-config="true" duration-ms="1" started-at="2016-08-04T22:25:34Z" finished-at="2016-08-04T22:25:34Z">
          <reporter-output>
          </reporter-output>
        </test-method> <!-- loadHomePage -->
        <test-method status="FAIL" signature="getAllPostDetails(java.lang.String, java.lang.String)[pri:0, instance:Wordpress.Automation.server.AllPostsTest@5ce81285]" name="getAllPostDetails" duration-ms="137" started-at="2016-08-04T22:25:34Z" finished-at="2016-08-04T22:25:34Z">
          <params>
            <param index="0">
              <value>
                <![CDATA[yogi]]>
              </value>
            </param>
            <param index="1">
              <value>
                <![CDATA[welcome]]>
              </value>
            </param>
          </params>
          <exception class="java.lang.NullPointerException">
            <full-stacktrace>
              <![CDATA[java.lang.NullPointerException
	at org.openqa.selenium.support.pagefactory.DefaultElementLocator.findElement(DefaultElementLocator.java:69)
	at org.openqa.selenium.support.pagefactory.internal.LocatingElementHandler.invoke(LocatingElementHandler.java:38)
	at com.sun.proxy.$Proxy8.sendKeys(Unknown Source)
	at com.yogi.wordpressServer.Pages.LoginPage.enterUsername(LoginPage.java:30)
	at com.yogi.wordpressServer.Pages.LoginPage.loginWithValidCredentials(LoginPage.java:40)
	at Wordpress.Automation.server.AllPostsTest.getAllPostDetails(AllPostsTest.java:60)
	at sun.reflect.NativeMethodAccessorImpl.invoke0(Native Method)
	at sun.reflect.NativeMethodAccessorImpl.invoke(NativeMethodAccessorImpl.java:62)
	at sun.reflect.DelegatingMethodAccessorImpl.invoke(DelegatingMethodAccessorImpl.java:43)
	at java.lang.reflect.Method.invoke(Method.java:498)
	at org.testng.internal.MethodInvocationHelper.invokeMethod(MethodInvocationHelper.java:86)
	at org.testng.internal.Invoker.invokeMethod(Invoker.java:643)
	at org.testng.internal.Invoker.invokeTestMethod(Invoker.java:820)
	at org.testng.internal.Invoker.invokeTestMethods(Invoker.java:1128)
	at org.testng.internal.TestMethodWorker.invokeTestMethods(TestMethodWorker.java:129)
	at org.testng.internal.TestMethodWorker.run(TestMethodWorker.java:112)
	at org.testng.TestRunner.privateRun(TestRunner.java:782)
	at org.testng.TestRunner.run(TestRunner.java:632)
	at org.testng.SuiteRunner.runTest(SuiteRunner.java:366)
	at org.testng.SuiteRunner.runSequentially(SuiteRunner.java:361)
	at org.testng.SuiteRunner.privateRun(SuiteRunner.java:319)
	at org.testng.SuiteRunner.run(SuiteRunner.java:268)
	at org.testng.SuiteRunnerWorker.runSuite(SuiteRunnerWorker.java:52)
	at org.testng.SuiteRunnerWorker.run(SuiteRunnerWorker.java:86)
	at org.testng.TestNG.runSuitesSequentially(TestNG.java:1244)
	at org.testng.TestNG.runSuitesLocally(TestNG.java:1169)
	at org.testng.TestNG.run(TestNG.java:1064)
	at org.testng.remote.AbstractRemoteTestNG.run(AbstractRemoteTestNG.java:126)
	at org.testng.remote.RemoteTestNG.initAndRun(RemoteTestNG.java:137)
	at org.testng.remote.RemoteTestNG.main(RemoteTestNG.java:58)
]]>
            </full-stacktrace>
          </exception> <!-- java.lang.NullPointerException -->
          <reporter-output>
          </reporter-output>
        </test-method> <!-- getAllPostDetails -->
      </class> <!-- Wordpress.Automation.server.AllPostsTest -->
    </test> <!-- Test -->
  </suite> <!-- Suite Chrome -->
</testng-results>
